
다음에 접속됨: Oracle Database 11g Enterprise Edition Release 11.1.0.7.0 - Production
With the Partitioning, OLAP, Data Mining and Real Application Testing options

익스포트 파일은 규정 경로를 거쳐 EXPORT:V11.01.00 에 의해 생성되었습니다
KO16MSWIN949 문자집합과 AL16UTF16 NCHAR 문자 집합에 임포트가 완성되었습니다
. SCOTT 객체를 SCOTT(으)로 임포트하는 중입니다
. . 테이블                        "BONUS"(를)을 임포트 중
                                                            0 행이 임포트되었습니다
. . 테이블                        "BOOK1"(를)을 임포트 중
                                                            3 행이 임포트되었습니다
. . 테이블                         "DEPT"(를)을 임포트 중
IMP-00019: ORACLE 1 오류로 인하여 행이 거부되었습니다
IMP-00003: ORACLE 오류 1이(가) 발생했습니다.
ORA-00001: 무결성 제약 조건(SCOTT.PK_DEPT)에 위배됩니다
열 1 10
열 2 ACCOUNTING
열 3 NEW YORK
IMP-00019: ORACLE 1 오류로 인하여 행이 거부되었습니다
IMP-00003: ORACLE 오류 1이(가) 발생했습니다.
ORA-00001: 무결성 제약 조건(SCOTT.PK_DEPT)에 위배됩니다
열 1 20
열 2 RESEARCH
열 3 DALLAS
IMP-00019: ORACLE 1 오류로 인하여 행이 거부되었습니다
IMP-00003: ORACLE 오류 1이(가) 발생했습니다.
ORA-00001: 무결성 제약 조건(SCOTT.PK_DEPT)에 위배됩니다
열 1 30
열 2 SALES
열 3 CHICAGO
IMP-00019: ORACLE 1 오류로 인하여 행이 거부되었습니다
IMP-00003: ORACLE 오류 1이(가) 발생했습니다.
ORA-00001: 무결성 제약 조건(SCOTT.PK_DEPT)에 위배됩니다
열 1 40
열 2 OPERATIONS
열 3 BOSTON
                                                            0 행이 임포트되었습니다
. . 테이블                          "EMP"(를)을 임포트 중
                                                           14 행이 임포트되었습니다
. . 테이블                    "EMP_LEVEL"(를)을 임포트 중
                                                            5 행이 임포트되었습니다
. . 테이블                    "FREEBOARD"(를)을 임포트 중
                                                            0 행이 임포트되었습니다
. . 테이블                      "LECTURE"(를)을 임포트 중
                                                           10 행이 임포트되었습니다
. . 테이블                      "MEMBER1"(를)을 임포트 중
                                                            2 행이 임포트되었습니다
. . 테이블                     "SALGRADE"(를)을 임포트 중
                                                           10 행이 임포트되었습니다
. . 테이블                    "T_GIFTMEM"(를)을 임포트 중
                                                            5 행이 임포트되었습니다
. . 테이블                  "T_GIFTPOINT"(를)을 임포트 중
                                                            6 행이 임포트되었습니다
. . 테이블                    "T_LETITBE"(를)을 임포트 중
                                                           68 행이 임포트되었습니다
. . 테이블                "T_ORDERBASKET"(를)을 임포트 중
                                                          108 행이 임포트되었습니다
. . 테이블                   "T_WORKTIME"(를)을 임포트 중
                                                           15 행이 임포트되었습니다
. . 테이블                         "TCOM"(를)을 임포트 중
                                                            8 행이 임포트되었습니다
. . 테이블                        "TDEPT"(를)을 임포트 중
IMP-00019: ORACLE 1 오류로 인하여 행이 거부되었습니다
IMP-00003: ORACLE 오류 1이(가) 발생했습니다.
ORA-00001: 무결성 제약 조건(SCOTT.SYS_C009779)에 위배됩니다
열 1 AA0001
열 2 경영지원
열 3 AA0001
열 4 Y
열 5 서울
열 6 19940101
IMP-00019: ORACLE 1 오류로 인하여 행이 거부되었습니다
IMP-00003: ORACLE 오류 1이(가) 발생했습니다.
ORA-00001: 무결성 제약 조건(SCOTT.SYS_C009779)에 위배됩니다
열 1 AB0001
열 2 재무
열 3 AA0001
열 4 Y
열 5 서울
열 6 19960101
IMP-00019: ORACLE 1 오류로 인하여 행이 거부되었습니다
IMP-00003: ORACLE 오류 1이(가) 발생했습니다.
ORA-00001: 무결성 제약 조건(SCOTT.SYS_C009779)에 위배됩니다
열 1 AC0001
열 2 총무
열 3 AA0001
열 4 Y
열 5 서울
열 6 19970201
IMP-00019: ORACLE 1 오류로 인하여 행이 거부되었습니다
IMP-00003: ORACLE 오류 1이(가) 발생했습니다.
ORA-00001: 무결성 제약 조건(SCOTT.SYS_C009779)에 위배됩니다
열 1 BA0001
열 2 기술지원
열 3 BA0001
열 4 Y
열 5 인천
열 6 19930301
IMP-00019: ORACLE 1 오류로 인하여 행이 거부되었습니다
IMP-00003: ORACLE 오류 1이(가) 발생했습니다.
ORA-00001: 무결성 제약 조건(SCOTT.SYS_C009779)에 위배됩니다
열 1 BB0001
열 2 H/W지원
열 3 BA0001
열 4 Y
열 5 인천
열 6 19950303
IMP-00019: ORACLE 1 오류로 인하여 행이 거부되었습니다
IMP-00003: ORACLE 오류 1이(가) 발생했습니다.
ORA-00001: 무결성 제약 조건(SCOTT.SYS_C009779)에 위배됩니다
열 1 BC0001
열 2 S/W지원
열 3 BA0001
열 4 Y
열 5 인천
열 6 19966102
IMP-00019: ORACLE 1 오류로 인하여 행이 거부되었습니다
IMP-00003: ORACLE 오류 1이(가) 발생했습니다.
ORA-00001: 무결성 제약 조건(SCOTT.SYS_C009779)에 위배됩니다
열 1 CA0001
열 2 영업
열 3 CA0001
열 4 Y
열 5 본사
열 6 19930402
IMP-00019: ORACLE 1 오류로 인하여 행이 거부되었습니다
IMP-00003: ORACLE 오류 1이(가) 발생했습니다.
ORA-00001: 무결성 제약 조건(SCOTT.SYS_C009779)에 위배됩니다
열 1 CB0001
열 2 영업기획
열 3 CA0001
열 4 Y
열 5 본사
열 6 19950103
IMP-00019: ORACLE 1 오류로 인하여 행이 거부되었습니다
IMP-00003: ORACLE 오류 1이(가) 발생했습니다.
ORA-00001: 무결성 제약 조건(SCOTT.SYS_C009779)에 위배됩니다
열 1 CC0001
열 2 영업1
열 3 CA0001
열 4 Y
열 5 본사
열 6 19970112
IMP-00019: ORACLE 1 오류로 인하여 행이 거부되었습니다
IMP-00003: ORACLE 오류 1이(가) 발생했습니다.
ORA-00001: 무결성 제약 조건(SCOTT.SYS_C009779)에 위배됩니다
열 1 CD0001
열 2 영업2
열 3 CA0001
열 4 Y
열 5 본사
열 6 19960212
                                                            0 행이 임포트되었습니다
. . 테이블                         "TEMP"(를)을 임포트 중
IMP-00019: ORACLE 1 오류로 인하여 행이 거부되었습니다
IMP-00003: ORACLE 오류 1이(가) 발생했습니다.
ORA-00001: 무결성 제약 조건(SCOTT.SYS_C009774)에 위배됩니다
열 1 19970101
열 2 김길동
열 3 25-1월 -1974:00:00:00
열 4 AA0001
열 5 정규
열 6 Y
열 7 
열 8 등산
열 9 100000000
열 10 부장
IMP-00019: ORACLE 1 오류로 인하여 행이 거부되었습니다
IMP-00003: ORACLE 오류 1이(가) 발생했습니다.
ORA-00001: 무결성 제약 조건(SCOTT.SYS_C009774)에 위배됩니다
열 1 19960101
열 2 홍길동
열 3 22-3월 -1973:00:00:00
열 4 AB0001
열 5 정규
열 6 Y
열 7 
열 8 낚시
열 9 72000000
열 10 과장
IMP-00019: ORACLE 1 오류로 인하여 행이 거부되었습니다
IMP-00003: ORACLE 오류 1이(가) 발생했습니다.
ORA-00001: 무결성 제약 조건(SCOTT.SYS_C009774)에 위배됩니다
열 1 19970201
열 2 박문수
열 3 15-4월 -1975:00:00:00
열 4 AC0001
열 5 정규
열 6 Y
열 7 
열 8 바둑
열 9 50000000
열 10 과장
IMP-00019: ORACLE 1 오류로 인하여 행이 거부되었습니다
IMP-00003: ORACLE 오류 1이(가) 발생했습니다.
ORA-00001: 무결성 제약 조건(SCOTT.SYS_C009774)에 위배됩니다
열 1 19930331
열 2 정도령
열 3 25-5월 -1976:00:00:00
열 4 BA0001
열 5 정규
열 6 Y
열 7 
열 8 노래
열 9 70000000
열 10 차장
IMP-00019: ORACLE 1 오류로 인하여 행이 거부되었습니다
IMP-00003: ORACLE 오류 1이(가) 발생했습니다.
ORA-00001: 무결성 제약 조건(SCOTT.SYS_C009774)에 위배됩니다
열 1 19950303
열 2 이순신
열 3 15-6월 -1973:00:00:00
열 4 BB0001
열 5 정규
열 6 Y
열 7 
열 8 
열 9 56000000
열 10 대리
IMP-00019: ORACLE 1 오류로 인하여 행이 거부되었습니다
IMP-00003: ORACLE 오류 1이(가) 발생했습니다.
ORA-00001: 무결성 제약 조건(SCOTT.SYS_C009774)에 위배됩니다
열 1 19966102
열 2 지문덕
열 3 05-7월 -1972:00:00:00
열 4 BC0001
열 5 정규
열 6 Y
열 7 
열 8 
열 9 45000000
열 10 과장
IMP-00019: ORACLE 1 오류로 인하여 행이 거부되었습니다
IMP-00003: ORACLE 오류 1이(가) 발생했습니다.
ORA-00001: 무결성 제약 조건(SCOTT.SYS_C009774)에 위배됩니다
열 1 19930402
열 2 강감찬
열 3 15-8월 -1972:00:00:00
열 4 CA0001
열 5 정규
열 6 Y
열 7 
열 8 
열 9 64000000
열 10 차장
IMP-00019: ORACLE 1 오류로 인하여 행이 거부되었습니다
IMP-00003: ORACLE 오류 1이(가) 발생했습니다.
ORA-00001: 무결성 제약 조건(SCOTT.SYS_C009774)에 위배됩니다
열 1 19960303
열 2 설까치
열 3 25-9월 -1971:00:00:00
열 4 CB0001
열 5 정규
열 6 Y
열 7 
열 8 
열 9 35000000
열 10 사원
IMP-00019: ORACLE 1 오류로 인하여 행이 거부되었습니다
IMP-00003: ORACLE 오류 1이(가) 발생했습니다.
ORA-00001: 무결성 제약 조건(SCOTT.SYS_C009774)에 위배됩니다
열 1 19970112
열 2 연흥부
열 3 05-11월-1976:00:00:00
열 4 CC0001
열 5 정규
열 6 Y
열 7 
열 8 
열 9 45000000
열 10 대리
IMP-00019: ORACLE 1 오류로 인하여 행이 거부되었습니다
IMP-00003: ORACLE 오류 1이(가) 발생했습니다.
ORA-00001: 무결성 제약 조건(SCOTT.SYS_C009774)에 위배됩니다
열 1 19960212
열 2 배뱅이
열 3 15-12월-1972:00:00:00
열 4 CD0001
열 5 정규
열 6 Y
열 7 
열 8 
열 9 39000000
열 10 과장
                                                           10 행이 임포트되었습니다
. . 테이블                       "TEST02"(를)을 임포트 중
                                                            9 행이 임포트되었습니다
. . 테이블                       "TEST11"(를)을 임포트 중
                                                           12 행이 임포트되었습니다
. . 테이블              "TOAD_PLAN_TABLE"(를)을 임포트 중
.
                                                         1451 행이 임포트되었습니다
. . 테이블                    "ZIPCODE_T"(를)을 임포트 중
...................................................
                                                        51504 행이 임포트되었습니다
제약 조건을 사용으로 설정에 대한 정보...
경고와 함께 임포트가 정상 종료되었습니다.
